
*** Running vivado
    with args -log dds_compiler_2.vds -m64 -product Vivado -mode batch -messageDb vivado.pb -notrace -source dds_compiler_2.tcl



****** Vivado v2022.2 (64-bit)
  **** SW Build 3671981 on Fri Oct 14 05:00:03 MDT 2022
  **** IP Build 3669848 on Fri Oct 14 08:30:02 MDT 2022
    ** Copyright 1986-2022 Xilinx, Inc. All Rights Reserved.

source dds_compiler_2.tcl -notrace
create_project: Time (s): cpu = 00:00:03 ; elapsed = 00:00:08 . Memory (MB): peak = 388.578 ; gain = 69.648
INFO: [IP_Flow 19-234] Refreshing IP repositories
INFO: [IP_Flow 19-1700] Loaded user IP repository 'd:/Vivado/_DATN/FFT/ip_repo'.
INFO: [IP_Flow 19-2313] Loaded Vivado IP repository 'C:/Xilinx/Vivado/2022.2/data/ip'.
INFO: [IP_Flow 19-6924] IPCACHE: Running cache check for IP inst: dds_compiler_2
INFO: [IP_Flow 19-6922] IPCACHE: Exporting cached entry 6ada016c86dc3250 to dir: D:/Vivado/_DATN/FFT/FFT_update/FFT_update.runs/dds_compiler_2_synth_1
INFO: [IP_Flow 19-6928] IPCACHE: copied cached file d:/Vivado/_DATN/FFT/FFT_update/FFT_update.cache/ip/2022.2/6/a/6ada016c86dc3250/dds_compiler_1.dcp to D:/Vivado/_DATN/FFT/FFT_update/FFT_update.runs/dds_compiler_2_synth_1/dds_compiler_2.dcp.
INFO: [IP_Flow 19-6928] IPCACHE: copied cached file d:/Vivado/_DATN/FFT/FFT_update/FFT_update.cache/ip/2022.2/6/a/6ada016c86dc3250/dds_compiler_1_sim_netlist.v to D:/Vivado/_DATN/FFT/FFT_update/FFT_update.runs/dds_compiler_2_synth_1/dds_compiler_2_sim_netlist.v.
INFO: [IP_Flow 19-6928] IPCACHE: copied cached file d:/Vivado/_DATN/FFT/FFT_update/FFT_update.cache/ip/2022.2/6/a/6ada016c86dc3250/dds_compiler_1_sim_netlist.vhdl to D:/Vivado/_DATN/FFT/FFT_update/FFT_update.runs/dds_compiler_2_synth_1/dds_compiler_2_sim_netlist.vhdl.
INFO: [IP_Flow 19-6928] IPCACHE: copied cached file d:/Vivado/_DATN/FFT/FFT_update/FFT_update.cache/ip/2022.2/6/a/6ada016c86dc3250/dds_compiler_1_stub.v to D:/Vivado/_DATN/FFT/FFT_update/FFT_update.runs/dds_compiler_2_synth_1/dds_compiler_2_stub.v.
INFO: [IP_Flow 19-6928] IPCACHE: copied cached file d:/Vivado/_DATN/FFT/FFT_update/FFT_update.cache/ip/2022.2/6/a/6ada016c86dc3250/dds_compiler_1_stub.vhdl to D:/Vivado/_DATN/FFT/FFT_update/FFT_update.runs/dds_compiler_2_synth_1/dds_compiler_2_stub.vhdl.
INFO: [IP_Flow 19-4838] Using cached IP synthesis design for IP dds_compiler_2, cache-ID = 6ada016c86dc3250.
INFO: [Common 17-206] Exiting Vivado at Thu Nov 28 15:07:22 2024...
